


ARM Macro Assembler    Page 1 


    1 00000000         ;/**
    2 00000000         ; ******************************************************
                       *************************
    3 00000000         ; * @file    startup_TMPM475.s
    4 00000000         ; * @brief   CMSIS Cortex-M4 Core Device Startup File fo
                       r the
    5 00000000         ; *          TOSHIBA 'TMPM475' Device Series
    6 00000000         ; * @version V2.0.2.5 (Tentative)
    7 00000000         ; * @date    2015/03/06
    8 00000000         ; *------- <<< Use Configuration Wizard in Context Menu 
                       >>> ------------------
    9 00000000         ; * 
   10 00000000         ; * DO NOT USE THIS SOFTWARE WITHOUT THE SOFTWARE LISENC
                       E AGREEMENT.
   11 00000000         ; * 
   12 00000000         ; * (C)Copyright TOSHIBA CORPORATION 2015 All rights res
                       erved
   13 00000000         ; ******************************************************
                       *************************
   14 00000000         ; */
   15 00000000         
   16 00000000         ; <h> Stack Configuration
   17 00000000         ;   <o> Stack Size (in Bytes) <0x0-0xFFFFFFFF:8>
   18 00000000         ; </h>
   19 00000000         
   20 00000000 00000200 
                       Stack_Size
                               EQU              0x00000200
   21 00000000         
   22 00000000                 AREA             STACK, NOINIT, READWRITE, ALIGN
=3
   23 00000000         Stack_Mem
                               SPACE            Stack_Size
   24 00000200         __initial_sp
   25 00000200         
   26 00000200         
   27 00000200         ; <h> Heap Configuration
   28 00000200         ;   <o>  Heap Size (in Bytes) <0x0-0xFFFFFFFF:8>
   29 00000200         ; </h>
   30 00000200         
   31 00000200 00000000 
                       Heap_Size
                               EQU              0x00000000
   32 00000200         
   33 00000200                 AREA             HEAP, NOINIT, READWRITE, ALIGN=
3
   34 00000000         __heap_base
   35 00000000         Heap_Mem
                               SPACE            Heap_Size
   36 00000000         __heap_limit
   37 00000000         
   38 00000000         
   39 00000000                 PRESERVE8
   40 00000000                 THUMB
   41 00000000         
   42 00000000         
   43 00000000         ; Vector Table Mapped to Address 0 at Reset
   44 00000000         
   45 00000000                 AREA             RESET, DATA, READONLY



ARM Macro Assembler    Page 2 


   46 00000000                 EXPORT           __Vectors
   47 00000000         
   48 00000000 00000000 
                       __Vectors
                               DCD              __initial_sp ; Top of Stack
   49 00000004 00000000        DCD              Reset_Handler ; Reset Handler
   50 00000008 00000000        DCD              NMI_Handler ; NMI Handler
   51 0000000C 00000000        DCD              HardFault_Handler ; Hard Fault 
                                                            Handler
   52 00000010 00000000        DCD              MemManage_Handler 
                                                            ; MPU Fault Handler
                                                            
   53 00000014 00000000        DCD              BusFault_Handler 
                                                            ; Bus Fault Handler
                                                            
   54 00000018 00000000        DCD              UsageFault_Handler ; Usage Faul
                                                            t Handler
   55 0000001C 00000000        DCD              0           ; Reserved
   56 00000020 00000000        DCD              0           ; Reserved
   57 00000024 00000000        DCD              0           ; Reserved
   58 00000028 00000000        DCD              0           ; Reserved
   59 0000002C 00000000        DCD              SVC_Handler ; SVCall Handler
   60 00000030 00000000        DCD              DebugMon_Handler ; Debug Monito
                                                            r Handler
   61 00000034 00000000        DCD              0           ; Reserved
   62 00000038 00000000        DCD              PendSV_Handler ; PendSV Handler
                                                            
   63 0000003C 00000000        DCD              SysTick_Handler 
                                                            ; SysTick Handler
   64 00000040         
   65 00000040         ; External Interrupts
   66 00000040 00000000        DCD              INT0_IRQHandler ; 0: Interrupt 
                                                            pin (PH0/AINA0/INT0
                                                            )
   67 00000044 00000000        DCD              INT1_IRQHandler ; 1: Interrupt 
                                                            pin (PH1/AINA1/INT1
                                                            )
   68 00000048 00000000        DCD              INT2_IRQHandler ; 2: Interrupt 
                                                            pin (PH2/AINA2/INT2
                                                            )
   69 0000004C 00000000        DCD              INT3_IRQHandler ; 3: Interrupt 
                                                            pin (PA0/TB0IN/INT3
                                                            )
   70 00000050 00000000        DCD              INT4_IRQHandler ; 4: Interrupt 
                                                            pin (PA2/TB1IN/INT4
                                                            )
   71 00000054 00000000        DCD              INT5_IRQHandler ; 5: Interrupt 
                                                            pin (PE4/TB2IN/INT5
                                                            )
   72 00000058 00000000        DCD              INTRX0_IRQHandler ; 6: Serial r
                                                            eception (channel 0
                                                            )
   73 0000005C 00000000        DCD              INTTX0_IRQHandler ; 7: Serial t
                                                            ransmit (channel 0)
                                                            
   74 00000060 00000000        DCD              INTRX1_IRQHandler ; 8: Serial r
                                                            eception (channel 1
                                                            )
   75 00000064 00000000        DCD              INTTX1_IRQHandler ; 9: Serial t



ARM Macro Assembler    Page 3 


                                                            ransmit (channel 1)
                                                            
   76 00000068 00000000        DCD              INTVCN0_IRQHandler ; 10: Vector
                                                             Engine interrupt 0
                                                            
   77 0000006C 00000000        DCD              INTVCN1_IRQHandler ; 11: Vector
                                                             Engine interrupt 1
                                                            
   78 00000070 00000000        DCD              INTEMG0_IRQHandler ; 12: PMD0 E
                                                            MG interrupt
   79 00000074 00000000        DCD              INTEMG1_IRQHandler ; 13: PMD1 E
                                                            MG interrupt
   80 00000078 00000000        DCD              INTOVV0_IRQHandler ; 14: PMD0 O
                                                            VV interrupt
   81 0000007C 00000000        DCD              INTOVV1_IRQHandler ; 15: PMD1 O
                                                            VV interrupt
   82 00000080 00000000        DCD              INTADAPDA_IRQHandler ; 16: ADC 
                                                            unit A conversion t
                                                            riggered by PMD0 is
                                                             finished
   83 00000084 00000000        DCD              INTADBPDA_IRQHandler ; 17: ADC 
                                                            unit B conversion t
                                                            riggered by PMD0 is
                                                             finished
   84 00000088 00000000        DCD              INTADAPDB_IRQHandler ; 18: ADC 
                                                            unit A conversion t
                                                            riggered by PMD1 is
                                                             finished
   85 0000008C 00000000        DCD              INTADBPDB_IRQHandler ; 19: ADC 
                                                            unit B conversion t
                                                            riggered by PMD1 is
                                                             finished
   86 00000090 00000000        DCD              INTTB00_IRQHandler ; 20: 16bit 
                                                            TMRB0 compare match
                                                             detection 0 / Over
                                                             flow
   87 00000094 00000000        DCD              INTTB01_IRQHandler ; 21: 16bit 
                                                            TMRB0 compare match
                                                             detection 1
   88 00000098 00000000        DCD              INTTB10_IRQHandler ; 22: 16bit 
                                                            TMRB1 compare match
                                                             detection 0 / Over
                                                             flow
   89 0000009C 00000000        DCD              INTTB11_IRQHandler ; 23: 16bit 
                                                            TMRB1 compare match
                                                             detection 1
   90 000000A0 00000000        DCD              INTTB40_IRQHandler ; 24: 16bit 
                                                            TMRB4 compare match
                                                             detection 0 / Over
                                                             flow
   91 000000A4 00000000        DCD              INTTB41_IRQHandler ; 25: 16bit 
                                                            TMRB4 compare match
                                                             detection 1
   92 000000A8 00000000        DCD              INTTB50_IRQHandler ; 26: 16bit 
                                                            TMRB5 compare match
                                                             detection 0 / Over
                                                             flow
   93 000000AC 00000000        DCD              INTTB51_IRQHandler ; 27: 16bit 
                                                            TMRB5 compare match



ARM Macro Assembler    Page 4 


                                                             detection 1
   94 000000B0 00000000        DCD              INTPMD0_IRQHandler ; 28: PMD0 P
                                                            WM interrupt
   95 000000B4 00000000        DCD              INTPMD1_IRQHandler ; 29: PMD1 P
                                                            WM interrupt
   96 000000B8 00000000        DCD              INTCAP00_IRQHandler ; 30: 16bit
                                                             TMRB0 input captur
                                                            e 0
   97 000000BC 00000000        DCD              INTCAP01_IRQHandler ; 31: 16bit
                                                             TMRB0 input captur
                                                            e 1
   98 000000C0 00000000        DCD              INTCAP10_IRQHandler ; 32: 16bit
                                                             TMRB1 input captur
                                                            e 0
   99 000000C4 00000000        DCD              INTCAP11_IRQHandler ; 33: 16bit
                                                             TMRB1 input captur
                                                            e 1
  100 000000C8 00000000        DCD              INTCAP40_IRQHandler ; 34: 16bit
                                                             TMRB4 input captur
                                                            e 0
  101 000000CC 00000000        DCD              INTCAP41_IRQHandler ; 35: 16bit
                                                             TMRB4 input captur
                                                            e 1
  102 000000D0 00000000        DCD              INTCAP50_IRQHandler ; 36: 16bit
                                                             TMRB5 input captur
                                                            e 0
  103 000000D4 00000000        DCD              INTCAP51_IRQHandler ; 37: 16bit
                                                             TMRB5 input captur
                                                            e 1
  104 000000D8 00000000        DCD              INT6_IRQHandler ; 38: Interrupt
                                                             pin (PE6/TB3IN/INT
                                                            6)
  105 000000DC 00000000        DCD              INT7_IRQHandler ; 39: Interrupt
                                                             pin (PE7/TB3OUT/IN
                                                            T7)
  106 000000E0 00000000        DCD              INTRX2_IRQHandler ; 40: Serial 
                                                            reception (channel 
                                                            2)
  107 000000E4 00000000        DCD              INTTX2_IRQHandler ; 41: Serial 
                                                            transmit (channel 2
                                                            )
  108 000000E8 00000000        DCD              INTADACPA_IRQHandler ; 42: ADCA
                                                             conversion monitor
                                                            ing function interr
                                                            upt A
  109 000000EC 00000000        DCD              INTADBCPA_IRQHandler ; 43: ADCB
                                                             conversion monitor
                                                            ing function interr
                                                            upt A
  110 000000F0 00000000        DCD              INTADACPB_IRQHandler ; 44: ADCA
                                                             conversion monitor
                                                            ing function interr
                                                            upt B
  111 000000F4 00000000        DCD              INTADBCPB_IRQHandler ; 45: ADCB
                                                             conversion monitor
                                                            ing function interr
                                                            upt B
  112 000000F8 00000000        DCD              INTTB20_IRQHandler ; 46: 16bit 
                                                            TMRB2 compare match



ARM Macro Assembler    Page 5 


                                                             detection 0 / Over
                                                             flow
  113 000000FC 00000000        DCD              INTTB21_IRQHandler ; 47: 16bit 
                                                            TMRB2 compare match
                                                             detection 1
  114 00000100 00000000        DCD              INTTB30_IRQHandler ; 48: 16bit 
                                                            TMRB3 compare match
                                                             detection 0 / Over
                                                             flow
  115 00000104 00000000        DCD              INTTB31_IRQHandler ; 49: 16bit 
                                                            TMRB3 compare match
                                                             detection 1
  116 00000108 00000000        DCD              INTCAP20_IRQHandler ; 50: 16bit
                                                             TMRB2 input captur
                                                            e 0
  117 0000010C 00000000        DCD              INTCAP21_IRQHandler ; 51: 16bit
                                                             TMRB2 input captur
                                                            e 1
  118 00000110 00000000        DCD              INTCAP30_IRQHandler ; 52: 16bit
                                                             TMRB3 input captur
                                                            e 0
  119 00000114 00000000        DCD              INTCAP31_IRQHandler ; 53: 16bit
                                                             TMRB3 input captur
                                                            e 1
  120 00000118 00000000        DCD              INTADASFT_IRQHandler ; 54: ADC 
                                                            unit A conversion s
                                                            tarted by software 
                                                            is finished
  121 0000011C 00000000        DCD              INTADBSFT_IRQHandler ; 55: ADC 
                                                            unit B conversion s
                                                            tarted by software 
                                                            is finished
  122 00000120 00000000        DCD              INTADATMR_IRQHandler ; 56: ADC 
                                                            unit A conversion t
                                                            riggered by timer i
                                                            s finished
  123 00000124 00000000        DCD              INTADBTMR_IRQHandler ; 57: ADC 
                                                            unit B conversion t
                                                            riggered by timer i
                                                            s finished
  124 00000128 00000000        DCD              INT8_IRQHandler ; 58: Interrupt
                                                             pin (PA7/TB4IN/INT
                                                            8)
  125 0000012C 00000000        DCD              INT9_IRQHandler ; 59: Interrupt
                                                             pin (PD3/INT9)
  126 00000130 00000000        DCD              INTA_IRQHandler ; 60: Interrupt
                                                             pin (PL1/CA_RX/INT
                                                            A)
  127 00000134 00000000        DCD              INTB_IRQHandler ; 61: Interrupt
                                                             pin (PL0/CA_TX/INT
                                                            B)
  128 00000138 00000000        DCD              INTENC00_IRQHandler ; 62: Encod
                                                            er 0 interrupt 0
  129 0000013C 00000000        DCD              INTENC01_IRQHandler ; 63: Encod
                                                            er 0 interrupt 1
  130 00000140 00000000        DCD              INTRX3_IRQHandler ; 64: Serial 
                                                            reception (channel 
                                                            3)
  131 00000144 00000000        DCD              INTTX3_IRQHandler ; 65: Serial 



ARM Macro Assembler    Page 6 


                                                            transmit (channel 3
                                                            )
  132 00000148 00000000        DCD              INTTB60_IRQHandler ; 66: 16bit 
                                                            TMRB6 compare match
                                                             detection 0 / Over
                                                             flow
  133 0000014C 00000000        DCD              INTTB61_IRQHandler ; 67: 16bit 
                                                            TMRB6 compare match
                                                             detection 1
  134 00000150 00000000        DCD              INTTB70_IRQHandler ; 68: 16bit 
                                                            TMRB7 compare match
                                                             detection 0 / Over
                                                             flow
  135 00000154 00000000        DCD              INTTB71_IRQHandler ; 69: 16bit 
                                                            TMRB7 compare match
                                                             detection 1
  136 00000158 00000000        DCD              INTCAP60_IRQHandler ; 70: 16bit
                                                             TMRB6 input captur
                                                            e 0
  137 0000015C 00000000        DCD              INTCAP61_IRQHandler ; 71: 16bit
                                                             TMRB6 input captur
                                                            e 1
  138 00000160 00000000        DCD              INTCAP70_IRQHandler ; 72: 16bit
                                                             TMRB7 input captur
                                                            e 0
  139 00000164 00000000        DCD              INTCAP71_IRQHandler ; 73: 16bit
                                                             TMRB7 input captur
                                                            e 1
  140 00000168 00000000        DCD              INTC_IRQHandler ; 74: Interrupt
                                                             pin (PJ6/AINB9/INT
                                                            C)
  141 0000016C 00000000        DCD              INTD_IRQHandler ; 75: Interrupt
                                                             pin (PJ7/AINB10/IN
                                                            TD)
  142 00000170 00000000        DCD              INTE_IRQHandler ; 76: Interrupt
                                                             pin (PK0/TRACEDATA
                                                            3/INTE)
  143 00000174 00000000        DCD              INTF_IRQHandler ; 77: Interrupt
                                                             pin (PK1/TRACEDATA
                                                            2/INTF)
  144 00000178 00000000        DCD              INTVCT0_IRQHandler ; 78: Vector
                                                             Engine 0 task is f
                                                            inished
  145 0000017C 00000000        DCD              INTVCT1_IRQHandler ; 79: Vector
                                                             Engine 1 task is f
                                                            inished
  146 00000180 00000000        DCD              INTSBI0_IRQHandler ; 80: Serial
                                                             bus interface
  147 00000184 00000000        DCD              INTCANRX_IRQHandler ; 81: CAN t
                                                            ransmit completion 
                                                            interrupt
  148 00000188 00000000        DCD              INTCANTX_IRQHandler ; 82: CAN r
                                                            eceive completion i
                                                            nterrupt
  149 0000018C 00000000        DCD              INTCANGB_IRQHandler ; 83: CAN G
                                                            lobal status interr
                                                            upt
  150 00000190 00000000        DCD              INTTB80_IRQHandler ; 84: 16bit 
                                                            TMRB8 compare match



ARM Macro Assembler    Page 7 


                                                             detection 0 / Over
                                                             flow
  151 00000194 00000000        DCD              INTTB81_IRQHandler ; 85: 16bit 
                                                            TMRB8 compare match
                                                             detection 1
  152 00000198 00000000        DCD              INTTB90_IRQHandler ; 86: 16bit 
                                                            TMRB9 compare match
                                                             detection 0 / Over
                                                             flow
  153 0000019C 00000000        DCD              INTTB91_IRQHandler ; 87: 16bit 
                                                            TMRB9 compare match
                                                             detection 1
  154 000001A0 00000000        DCD              INTCAP80_IRQHandler ; 88: 16bit
                                                             TMRB8 input captur
                                                            e 0
  155 000001A4 00000000        DCD              INTCAP81_IRQHandler ; 89: 16bit
                                                             TMRB8 input captur
                                                            e 1
  156 000001A8 00000000        DCD              INTCAP90_IRQHandler ; 90: 16bit
                                                             TMRB9 input captur
                                                            e 0
  157 000001AC 00000000        DCD              INTCAP91_IRQHandler ; 91: 16bit
                                                             TMRB9 input captur
                                                            e 1
  158 000001B0 00000000        DCD              INTDMACATC_IRQHandler ; 92: DMA
                                                             end of transfer
  159 000001B4 00000000        DCD              INTDMACAERR_IRQHandler ; 93: DM
                                                            A transfer error
  160 000001B8 00000000        DCD              INTENC10_IRQHandler ; 94: Encod
                                                            er 1 interrupt 0
  161 000001BC 00000000        DCD              INTENC11_IRQHandler ; 95: Encod
                                                            er 1 interrupt 1
  162 000001C0         
  163 000001C0         
  164 000001C0         
  165 000001C0                 AREA             |.text|, CODE, READONLY
  166 00000000         
  167 00000000         
  168 00000000         ; Reset Handler
  169 00000000         
  170 00000000         Reset_Handler
                               PROC
  171 00000000                 EXPORT           Reset_Handler             [WEAK
]
  172 00000000                 IMPORT           SystemInit
  173 00000000                 IMPORT           __main
  174 00000000 4809            LDR              R0, =SystemInit
  175 00000002 4780            BLX              R0
  176 00000004 4809            LDR              R0, =__main
  177 00000006 4700            BX               R0
  178 00000008                 ENDP
  179 00000008         
  180 00000008         
  181 00000008         ; Dummy Exception Handlers (infinite loops which can be 
                       modified)
  182 00000008         
  183 00000008         NMI_Handler
                               PROC
  184 00000008                 EXPORT           NMI_Handler               [WEAK



ARM Macro Assembler    Page 8 


]
  185 00000008 E7FE            B                .
  186 0000000A                 ENDP
  188 0000000A         HardFault_Handler
                               PROC
  189 0000000A                 EXPORT           HardFault_Handler         [WEAK
]
  190 0000000A E7FE            B                .
  191 0000000C                 ENDP
  193 0000000C         MemManage_Handler
                               PROC
  194 0000000C                 EXPORT           MemManage_Handler         [WEAK
]
  195 0000000C E7FE            B                .
  196 0000000E                 ENDP
  198 0000000E         BusFault_Handler
                               PROC
  199 0000000E                 EXPORT           BusFault_Handler          [WEAK
]
  200 0000000E E7FE            B                .
  201 00000010                 ENDP
  203 00000010         UsageFault_Handler
                               PROC
  204 00000010                 EXPORT           UsageFault_Handler        [WEAK
]
  205 00000010 E7FE            B                .
  206 00000012                 ENDP
  207 00000012         SVC_Handler
                               PROC
  208 00000012                 EXPORT           SVC_Handler               [WEAK
]
  209 00000012 E7FE            B                .
  210 00000014                 ENDP
  212 00000014         DebugMon_Handler
                               PROC
  213 00000014                 EXPORT           DebugMon_Handler          [WEAK
]
  214 00000014 E7FE            B                .
  215 00000016                 ENDP
  216 00000016         PendSV_Handler
                               PROC
  217 00000016                 EXPORT           PendSV_Handler            [WEAK
]
  218 00000016 E7FE            B                .
  219 00000018                 ENDP
  220 00000018         SysTick_Handler
                               PROC
  221 00000018                 EXPORT           SysTick_Handler           [WEAK
]
  222 00000018 E7FE            B                .
  223 0000001A                 ENDP
  224 0000001A         
  225 0000001A         Default_Handler
                               PROC
  226 0000001A         
  227 0000001A                 EXPORT           INT0_IRQHandler           [WEAK
]
  228 0000001A                 EXPORT           INT1_IRQHandler           [WEAK
]



ARM Macro Assembler    Page 9 


  229 0000001A                 EXPORT           INT2_IRQHandler           [WEAK
]
  230 0000001A                 EXPORT           INT3_IRQHandler           [WEAK
]
  231 0000001A                 EXPORT           INT4_IRQHandler           [WEAK
]
  232 0000001A                 EXPORT           INT5_IRQHandler           [WEAK
]
  233 0000001A                 EXPORT           INTRX0_IRQHandler         [WEAK
]
  234 0000001A                 EXPORT           INTTX0_IRQHandler         [WEAK
]
  235 0000001A                 EXPORT           INTRX1_IRQHandler         [WEAK
]
  236 0000001A                 EXPORT           INTTX1_IRQHandler         [WEAK
]
  237 0000001A                 EXPORT           INTVCN0_IRQHandler        [WEAK
]
  238 0000001A                 EXPORT           INTVCN1_IRQHandler        [WEAK
]
  239 0000001A                 EXPORT           INTEMG0_IRQHandler        [WEAK
]
  240 0000001A                 EXPORT           INTEMG1_IRQHandler        [WEAK
]
  241 0000001A                 EXPORT           INTOVV0_IRQHandler        [WEAK
]
  242 0000001A                 EXPORT           INTOVV1_IRQHandler        [WEAK
]
  243 0000001A                 EXPORT           INTADAPDA_IRQHandler      [WEAK
]
  244 0000001A                 EXPORT           INTADBPDA_IRQHandler      [WEAK
]
  245 0000001A                 EXPORT           INTADAPDB_IRQHandler      [WEAK
]
  246 0000001A                 EXPORT           INTADBPDB_IRQHandler      [WEAK
]
  247 0000001A                 EXPORT           INTTB00_IRQHandler        [WEAK
]
  248 0000001A                 EXPORT           INTTB01_IRQHandler        [WEAK
]
  249 0000001A                 EXPORT           INTTB10_IRQHandler        [WEAK
]
  250 0000001A                 EXPORT           INTTB11_IRQHandler        [WEAK
]
  251 0000001A                 EXPORT           INTTB40_IRQHandler        [WEAK
]
  252 0000001A                 EXPORT           INTTB41_IRQHandler        [WEAK
]
  253 0000001A                 EXPORT           INTTB50_IRQHandler        [WEAK
]
  254 0000001A                 EXPORT           INTTB51_IRQHandler        [WEAK
]
  255 0000001A                 EXPORT           INTPMD0_IRQHandler        [WEAK
]
  256 0000001A                 EXPORT           INTPMD1_IRQHandler        [WEAK
]
  257 0000001A                 EXPORT           INTCAP00_IRQHandler       [WEAK
]
  258 0000001A                 EXPORT           INTCAP01_IRQHandler       [WEAK



ARM Macro Assembler    Page 10 


]
  259 0000001A                 EXPORT           INTCAP10_IRQHandler       [WEAK
]
  260 0000001A                 EXPORT           INTCAP11_IRQHandler       [WEAK
]
  261 0000001A                 EXPORT           INTCAP40_IRQHandler       [WEAK
]
  262 0000001A                 EXPORT           INTCAP41_IRQHandler       [WEAK
]
  263 0000001A                 EXPORT           INTCAP50_IRQHandler       [WEAK
]
  264 0000001A                 EXPORT           INTCAP51_IRQHandler       [WEAK
]
  265 0000001A                 EXPORT           INT6_IRQHandler           [WEAK
]
  266 0000001A                 EXPORT           INT7_IRQHandler           [WEAK
]
  267 0000001A                 EXPORT           INTRX2_IRQHandler         [WEAK
]
  268 0000001A                 EXPORT           INTTX2_IRQHandler         [WEAK
]
  269 0000001A                 EXPORT           INTADACPA_IRQHandler      [WEAK
]
  270 0000001A                 EXPORT           INTADBCPA_IRQHandler      [WEAK
]
  271 0000001A                 EXPORT           INTADACPB_IRQHandler      [WEAK
]
  272 0000001A                 EXPORT           INTADBCPB_IRQHandler      [WEAK
]
  273 0000001A                 EXPORT           INTTB20_IRQHandler        [WEAK
]
  274 0000001A                 EXPORT           INTTB21_IRQHandler        [WEAK
]
  275 0000001A                 EXPORT           INTTB30_IRQHandler        [WEAK
]
  276 0000001A                 EXPORT           INTTB31_IRQHandler        [WEAK
]
  277 0000001A                 EXPORT           INTCAP20_IRQHandler       [WEAK
]
  278 0000001A                 EXPORT           INTCAP21_IRQHandler       [WEAK
]
  279 0000001A                 EXPORT           INTCAP30_IRQHandler       [WEAK
]
  280 0000001A                 EXPORT           INTCAP31_IRQHandler       [WEAK
]
  281 0000001A                 EXPORT           INTADASFT_IRQHandler      [WEAK
]
  282 0000001A                 EXPORT           INTADBSFT_IRQHandler      [WEAK
]
  283 0000001A                 EXPORT           INTADATMR_IRQHandler      [WEAK
]
  284 0000001A                 EXPORT           INTADBTMR_IRQHandler      [WEAK
]
  285 0000001A                 EXPORT           INT8_IRQHandler           [WEAK
]
  286 0000001A                 EXPORT           INT9_IRQHandler           [WEAK
]
  287 0000001A                 EXPORT           INTA_IRQHandler           [WEAK
]



ARM Macro Assembler    Page 11 


  288 0000001A                 EXPORT           INTB_IRQHandler           [WEAK
]
  289 0000001A                 EXPORT           INTENC00_IRQHandler       [WEAK
]
  290 0000001A                 EXPORT           INTENC01_IRQHandler       [WEAK
]
  291 0000001A                 EXPORT           INTRX3_IRQHandler         [WEAK
]
  292 0000001A                 EXPORT           INTTX3_IRQHandler         [WEAK
]
  293 0000001A                 EXPORT           INTTB60_IRQHandler        [WEAK
]
  294 0000001A                 EXPORT           INTTB61_IRQHandler        [WEAK
]
  295 0000001A                 EXPORT           INTTB70_IRQHandler        [WEAK
]
  296 0000001A                 EXPORT           INTTB71_IRQHandler        [WEAK
]
  297 0000001A                 EXPORT           INTCAP60_IRQHandler       [WEAK
]
  298 0000001A                 EXPORT           INTCAP61_IRQHandler       [WEAK
]
  299 0000001A                 EXPORT           INTCAP70_IRQHandler       [WEAK
]
  300 0000001A                 EXPORT           INTCAP71_IRQHandler       [WEAK
]
  301 0000001A                 EXPORT           INTC_IRQHandler           [WEAK
]
  302 0000001A                 EXPORT           INTD_IRQHandler           [WEAK
]
  303 0000001A                 EXPORT           INTE_IRQHandler           [WEAK
]
  304 0000001A                 EXPORT           INTF_IRQHandler           [WEAK
]
  305 0000001A                 EXPORT           INTVCT0_IRQHandler        [WEAK
]
  306 0000001A                 EXPORT           INTVCT1_IRQHandler        [WEAK
]
  307 0000001A                 EXPORT           INTSBI0_IRQHandler        [WEAK
]
  308 0000001A                 EXPORT           INTCANRX_IRQHandler       [WEAK
]
  309 0000001A                 EXPORT           INTCANTX_IRQHandler       [WEAK
]
  310 0000001A                 EXPORT           INTCANGB_IRQHandler       [WEAK
]
  311 0000001A                 EXPORT           INTTB80_IRQHandler        [WEAK
]
  312 0000001A                 EXPORT           INTTB81_IRQHandler        [WEAK
]
  313 0000001A                 EXPORT           INTTB90_IRQHandler        [WEAK
]
  314 0000001A                 EXPORT           INTTB91_IRQHandler        [WEAK
]
  315 0000001A                 EXPORT           INTCAP80_IRQHandler       [WEAK
]
  316 0000001A                 EXPORT           INTCAP81_IRQHandler       [WEAK
]
  317 0000001A                 EXPORT           INTCAP90_IRQHandler       [WEAK



ARM Macro Assembler    Page 12 


]
  318 0000001A                 EXPORT           INTCAP91_IRQHandler       [WEAK
]
  319 0000001A                 EXPORT           INTDMACATC_IRQHandler     [WEAK
]
  320 0000001A                 EXPORT           INTDMACAERR_IRQHandler    [WEAK
]
  321 0000001A                 EXPORT           INTENC10_IRQHandler       [WEAK
]
  322 0000001A                 EXPORT           INTENC11_IRQHandler       [WEAK
]
  323 0000001A         
  324 0000001A         INT0_IRQHandler
  325 0000001A         INT1_IRQHandler
  326 0000001A         INT2_IRQHandler
  327 0000001A         INT3_IRQHandler
  328 0000001A         INT4_IRQHandler
  329 0000001A         INT5_IRQHandler
  330 0000001A         INTRX0_IRQHandler
  331 0000001A         INTTX0_IRQHandler
  332 0000001A         INTRX1_IRQHandler
  333 0000001A         INTTX1_IRQHandler
  334 0000001A         INTVCN0_IRQHandler
  335 0000001A         INTVCN1_IRQHandler
  336 0000001A         INTEMG0_IRQHandler
  337 0000001A         INTEMG1_IRQHandler
  338 0000001A         INTOVV0_IRQHandler
  339 0000001A         INTOVV1_IRQHandler
  340 0000001A         INTADAPDA_IRQHandler
  341 0000001A         INTADBPDA_IRQHandler
  342 0000001A         INTADAPDB_IRQHandler
  343 0000001A         INTADBPDB_IRQHandler
  344 0000001A         INTTB00_IRQHandler
  345 0000001A         INTTB01_IRQHandler
  346 0000001A         INTTB10_IRQHandler
  347 0000001A         INTTB11_IRQHandler
  348 0000001A         INTTB40_IRQHandler
  349 0000001A         INTTB41_IRQHandler
  350 0000001A         INTTB50_IRQHandler
  351 0000001A         INTTB51_IRQHandler
  352 0000001A         INTPMD0_IRQHandler
  353 0000001A         INTPMD1_IRQHandler
  354 0000001A         INTCAP00_IRQHandler
  355 0000001A         INTCAP01_IRQHandler
  356 0000001A         INTCAP10_IRQHandler
  357 0000001A         INTCAP11_IRQHandler
  358 0000001A         INTCAP40_IRQHandler
  359 0000001A         INTCAP41_IRQHandler
  360 0000001A         INTCAP50_IRQHandler
  361 0000001A         INTCAP51_IRQHandler
  362 0000001A         INT6_IRQHandler
  363 0000001A         INT7_IRQHandler
  364 0000001A         INTRX2_IRQHandler
  365 0000001A         INTTX2_IRQHandler
  366 0000001A         INTADACPA_IRQHandler
  367 0000001A         INTADBCPA_IRQHandler
  368 0000001A         INTADACPB_IRQHandler
  369 0000001A         INTADBCPB_IRQHandler
  370 0000001A         INTTB20_IRQHandler



ARM Macro Assembler    Page 13 


  371 0000001A         INTTB21_IRQHandler
  372 0000001A         INTTB30_IRQHandler
  373 0000001A         INTTB31_IRQHandler
  374 0000001A         INTCAP20_IRQHandler
  375 0000001A         INTCAP21_IRQHandler
  376 0000001A         INTCAP30_IRQHandler
  377 0000001A         INTCAP31_IRQHandler
  378 0000001A         INTADASFT_IRQHandler
  379 0000001A         INTADBSFT_IRQHandler
  380 0000001A         INTADATMR_IRQHandler
  381 0000001A         INTADBTMR_IRQHandler
  382 0000001A         INT8_IRQHandler
  383 0000001A         INT9_IRQHandler
  384 0000001A         INTA_IRQHandler
  385 0000001A         INTB_IRQHandler
  386 0000001A         INTENC00_IRQHandler
  387 0000001A         INTENC01_IRQHandler
  388 0000001A         INTRX3_IRQHandler
  389 0000001A         INTTX3_IRQHandler
  390 0000001A         INTTB60_IRQHandler
  391 0000001A         INTTB61_IRQHandler
  392 0000001A         INTTB70_IRQHandler
  393 0000001A         INTTB71_IRQHandler
  394 0000001A         INTCAP60_IRQHandler
  395 0000001A         INTCAP61_IRQHandler
  396 0000001A         INTCAP70_IRQHandler
  397 0000001A         INTCAP71_IRQHandler
  398 0000001A         INTC_IRQHandler
  399 0000001A         INTD_IRQHandler
  400 0000001A         INTE_IRQHandler
  401 0000001A         INTF_IRQHandler
  402 0000001A         INTVCT0_IRQHandler
  403 0000001A         INTVCT1_IRQHandler
  404 0000001A         INTSBI0_IRQHandler
  405 0000001A         INTCANRX_IRQHandler
  406 0000001A         INTCANTX_IRQHandler
  407 0000001A         INTCANGB_IRQHandler
  408 0000001A         INTTB80_IRQHandler
  409 0000001A         INTTB81_IRQHandler
  410 0000001A         INTTB90_IRQHandler
  411 0000001A         INTTB91_IRQHandler
  412 0000001A         INTCAP80_IRQHandler
  413 0000001A         INTCAP81_IRQHandler
  414 0000001A         INTCAP90_IRQHandler
  415 0000001A         INTCAP91_IRQHandler
  416 0000001A         INTDMACATC_IRQHandler
  417 0000001A         INTDMACAERR_IRQHandler
  418 0000001A         INTENC10_IRQHandler
  419 0000001A         INTENC11_IRQHandler
  420 0000001A         
  421 0000001A E7FE            B                .
  422 0000001C         
  423 0000001C                 ENDP
  424 0000001C         
  425 0000001C         
  426 0000001C                 ALIGN
  427 0000001C         
  428 0000001C         
  429 0000001C         ; User Initial Stack & Heap



ARM Macro Assembler    Page 14 


  430 0000001C         
  431 0000001C                 IF               :DEF:__MICROLIB
  438 0000001C         
  439 0000001C                 IMPORT           __use_two_region_memory
  440 0000001C                 EXPORT           __user_initial_stackheap
  441 0000001C         __user_initial_stackheap
  442 0000001C         
  443 0000001C 4804            LDR              R0, =  Heap_Mem
  444 0000001E 4905            LDR              R1, =(Stack_Mem + Stack_Size)
  445 00000020 4A03            LDR              R2, = (Heap_Mem +  Heap_Size)
  446 00000022 4B05            LDR              R3, = Stack_Mem
  447 00000024 4770            BX               LR
  448 00000026         
  449 00000026 00 00           ALIGN
  450 00000028         
  451 00000028                 ENDIF
  452 00000028         
  453 00000028         
  454 00000028                 END
              00000000 
              00000000 
              00000000 
              00000200 
              00000000 
Command Line: --debug --xref --diag_suppress=9931 --cpu=Cortex-M4.fp.sp --apcs=
interwork --depend=.\objects\startup_tmpm475.d -o.\objects\startup_tmpm475.o -I
.\RTE\_TMPM475SBK -IC:\Users\Nguyet\AppData\Local\Arm\Packs\ARM\CMSIS\5.6.0\CMS
IS\Core\Include -IC:\Users\Nguyet\AppData\Local\Arm\Packs\ARM\CMSIS\5.6.0\CMSIS
\DSP\Include -IC:\Users\Nguyet\AppData\Local\Arm\Packs\ARM\CMSIS\5.6.0\CMSIS\Dr
iver\Include -IC:\Users\Nguyet\AppData\Local\Arm\Packs\Keil\TMPM4_DFP\1.2.0\Dev
ice\Include --predefine="__EVAL SETA 1" --predefine="__UVISION_VERSION SETA 529
" --predefine="_RTE_ SETA 1" --predefine="TMPM475FDFG SETA 1" --list=.\listings
\startup_tmpm475.lst RTE\Device\TMPM475FDFG\startup_TMPM475.s



ARM Macro Assembler    Page 1 Alphabetic symbol ordering
Relocatable symbols

STACK 00000000

Symbol: STACK
   Definitions
      At line 22 in file RTE\Device\TMPM475FDFG\startup_TMPM475.s
   Uses
      None
Comment: STACK unused
Stack_Mem 00000000

Symbol: Stack_Mem
   Definitions
      At line 23 in file RTE\Device\TMPM475FDFG\startup_TMPM475.s
   Uses
      At line 444 in file RTE\Device\TMPM475FDFG\startup_TMPM475.s
      At line 446 in file RTE\Device\TMPM475FDFG\startup_TMPM475.s

__initial_sp 00000200

Symbol: __initial_sp
   Definitions
      At line 24 in file RTE\Device\TMPM475FDFG\startup_TMPM475.s
   Uses
      At line 48 in file RTE\Device\TMPM475FDFG\startup_TMPM475.s
Comment: __initial_sp used once
3 symbols



ARM Macro Assembler    Page 1 Alphabetic symbol ordering
Relocatable symbols

HEAP 00000000

Symbol: HEAP
   Definitions
      At line 33 in file RTE\Device\TMPM475FDFG\startup_TMPM475.s
   Uses
      None
Comment: HEAP unused
Heap_Mem 00000000

Symbol: Heap_Mem
   Definitions
      At line 35 in file RTE\Device\TMPM475FDFG\startup_TMPM475.s
   Uses
      At line 443 in file RTE\Device\TMPM475FDFG\startup_TMPM475.s
      At line 445 in file RTE\Device\TMPM475FDFG\startup_TMPM475.s

__heap_base 00000000

Symbol: __heap_base
   Definitions
      At line 34 in file RTE\Device\TMPM475FDFG\startup_TMPM475.s
   Uses
      None
Comment: __heap_base unused
__heap_limit 00000000

Symbol: __heap_limit
   Definitions
      At line 36 in file RTE\Device\TMPM475FDFG\startup_TMPM475.s
   Uses
      None
Comment: __heap_limit unused
4 symbols



ARM Macro Assembler    Page 1 Alphabetic symbol ordering
Relocatable symbols

RESET 00000000

Symbol: RESET
   Definitions
      At line 45 in file RTE\Device\TMPM475FDFG\startup_TMPM475.s
   Uses
      None
Comment: RESET unused
__Vectors 00000000

Symbol: __Vectors
   Definitions
      At line 48 in file RTE\Device\TMPM475FDFG\startup_TMPM475.s
   Uses
      At line 46 in file RTE\Device\TMPM475FDFG\startup_TMPM475.s
Comment: __Vectors used once
2 symbols



ARM Macro Assembler    Page 1 Alphabetic symbol ordering
Relocatable symbols

.text 00000000

Symbol: .text
   Definitions
      At line 165 in file RTE\Device\TMPM475FDFG\startup_TMPM475.s
   Uses
      None
Comment: .text unused
BusFault_Handler 0000000E

Symbol: BusFault_Handler
   Definitions
      At line 198 in file RTE\Device\TMPM475FDFG\startup_TMPM475.s
   Uses
      At line 53 in file RTE\Device\TMPM475FDFG\startup_TMPM475.s
      At line 199 in file RTE\Device\TMPM475FDFG\startup_TMPM475.s

DebugMon_Handler 00000014

Symbol: DebugMon_Handler
   Definitions
      At line 212 in file RTE\Device\TMPM475FDFG\startup_TMPM475.s
   Uses
      At line 60 in file RTE\Device\TMPM475FDFG\startup_TMPM475.s
      At line 213 in file RTE\Device\TMPM475FDFG\startup_TMPM475.s

Default_Handler 0000001A

Symbol: Default_Handler
   Definitions
      At line 225 in file RTE\Device\TMPM475FDFG\startup_TMPM475.s
   Uses
      None
Comment: Default_Handler unused
HardFault_Handler 0000000A

Symbol: HardFault_Handler
   Definitions
      At line 188 in file RTE\Device\TMPM475FDFG\startup_TMPM475.s
   Uses
      At line 51 in file RTE\Device\TMPM475FDFG\startup_TMPM475.s
      At line 189 in file RTE\Device\TMPM475FDFG\startup_TMPM475.s

INT0_IRQHandler 0000001A

Symbol: INT0_IRQHandler
   Definitions
      At line 324 in file RTE\Device\TMPM475FDFG\startup_TMPM475.s
   Uses
      At line 66 in file RTE\Device\TMPM475FDFG\startup_TMPM475.s
      At line 227 in file RTE\Device\TMPM475FDFG\startup_TMPM475.s

INT1_IRQHandler 0000001A

Symbol: INT1_IRQHandler
   Definitions
      At line 325 in file RTE\Device\TMPM475FDFG\startup_TMPM475.s
   Uses
      At line 67 in file RTE\Device\TMPM475FDFG\startup_TMPM475.s



ARM Macro Assembler    Page 2 Alphabetic symbol ordering
Relocatable symbols

      At line 228 in file RTE\Device\TMPM475FDFG\startup_TMPM475.s

INT2_IRQHandler 0000001A

Symbol: INT2_IRQHandler
   Definitions
      At line 326 in file RTE\Device\TMPM475FDFG\startup_TMPM475.s
   Uses
      At line 68 in file RTE\Device\TMPM475FDFG\startup_TMPM475.s
      At line 229 in file RTE\Device\TMPM475FDFG\startup_TMPM475.s

INT3_IRQHandler 0000001A

Symbol: INT3_IRQHandler
   Definitions
      At line 327 in file RTE\Device\TMPM475FDFG\startup_TMPM475.s
   Uses
      At line 69 in file RTE\Device\TMPM475FDFG\startup_TMPM475.s
      At line 230 in file RTE\Device\TMPM475FDFG\startup_TMPM475.s

INT4_IRQHandler 0000001A

Symbol: INT4_IRQHandler
   Definitions
      At line 328 in file RTE\Device\TMPM475FDFG\startup_TMPM475.s
   Uses
      At line 70 in file RTE\Device\TMPM475FDFG\startup_TMPM475.s
      At line 231 in file RTE\Device\TMPM475FDFG\startup_TMPM475.s

INT5_IRQHandler 0000001A

Symbol: INT5_IRQHandler
   Definitions
      At line 329 in file RTE\Device\TMPM475FDFG\startup_TMPM475.s
   Uses
      At line 71 in file RTE\Device\TMPM475FDFG\startup_TMPM475.s
      At line 232 in file RTE\Device\TMPM475FDFG\startup_TMPM475.s

INT6_IRQHandler 0000001A

Symbol: INT6_IRQHandler
   Definitions
      At line 362 in file RTE\Device\TMPM475FDFG\startup_TMPM475.s
   Uses
      At line 104 in file RTE\Device\TMPM475FDFG\startup_TMPM475.s
      At line 265 in file RTE\Device\TMPM475FDFG\startup_TMPM475.s

INT7_IRQHandler 0000001A

Symbol: INT7_IRQHandler
   Definitions
      At line 363 in file RTE\Device\TMPM475FDFG\startup_TMPM475.s
   Uses
      At line 105 in file RTE\Device\TMPM475FDFG\startup_TMPM475.s
      At line 266 in file RTE\Device\TMPM475FDFG\startup_TMPM475.s

INT8_IRQHandler 0000001A

Symbol: INT8_IRQHandler



ARM Macro Assembler    Page 3 Alphabetic symbol ordering
Relocatable symbols

   Definitions
      At line 382 in file RTE\Device\TMPM475FDFG\startup_TMPM475.s
   Uses
      At line 124 in file RTE\Device\TMPM475FDFG\startup_TMPM475.s
      At line 285 in file RTE\Device\TMPM475FDFG\startup_TMPM475.s

INT9_IRQHandler 0000001A

Symbol: INT9_IRQHandler
   Definitions
      At line 383 in file RTE\Device\TMPM475FDFG\startup_TMPM475.s
   Uses
      At line 125 in file RTE\Device\TMPM475FDFG\startup_TMPM475.s
      At line 286 in file RTE\Device\TMPM475FDFG\startup_TMPM475.s

INTADACPA_IRQHandler 0000001A

Symbol: INTADACPA_IRQHandler
   Definitions
      At line 366 in file RTE\Device\TMPM475FDFG\startup_TMPM475.s
   Uses
      At line 108 in file RTE\Device\TMPM475FDFG\startup_TMPM475.s
      At line 269 in file RTE\Device\TMPM475FDFG\startup_TMPM475.s

INTADACPB_IRQHandler 0000001A

Symbol: INTADACPB_IRQHandler
   Definitions
      At line 368 in file RTE\Device\TMPM475FDFG\startup_TMPM475.s
   Uses
      At line 110 in file RTE\Device\TMPM475FDFG\startup_TMPM475.s
      At line 271 in file RTE\Device\TMPM475FDFG\startup_TMPM475.s

INTADAPDA_IRQHandler 0000001A

Symbol: INTADAPDA_IRQHandler
   Definitions
      At line 340 in file RTE\Device\TMPM475FDFG\startup_TMPM475.s
   Uses
      At line 82 in file RTE\Device\TMPM475FDFG\startup_TMPM475.s
      At line 243 in file RTE\Device\TMPM475FDFG\startup_TMPM475.s

INTADAPDB_IRQHandler 0000001A

Symbol: INTADAPDB_IRQHandler
   Definitions
      At line 342 in file RTE\Device\TMPM475FDFG\startup_TMPM475.s
   Uses
      At line 84 in file RTE\Device\TMPM475FDFG\startup_TMPM475.s
      At line 245 in file RTE\Device\TMPM475FDFG\startup_TMPM475.s

INTADASFT_IRQHandler 0000001A

Symbol: INTADASFT_IRQHandler
   Definitions
      At line 378 in file RTE\Device\TMPM475FDFG\startup_TMPM475.s
   Uses
      At line 120 in file RTE\Device\TMPM475FDFG\startup_TMPM475.s
      At line 281 in file RTE\Device\TMPM475FDFG\startup_TMPM475.s



ARM Macro Assembler    Page 4 Alphabetic symbol ordering
Relocatable symbols


INTADATMR_IRQHandler 0000001A

Symbol: INTADATMR_IRQHandler
   Definitions
      At line 380 in file RTE\Device\TMPM475FDFG\startup_TMPM475.s
   Uses
      At line 122 in file RTE\Device\TMPM475FDFG\startup_TMPM475.s
      At line 283 in file RTE\Device\TMPM475FDFG\startup_TMPM475.s

INTADBCPA_IRQHandler 0000001A

Symbol: INTADBCPA_IRQHandler
   Definitions
      At line 367 in file RTE\Device\TMPM475FDFG\startup_TMPM475.s
   Uses
      At line 109 in file RTE\Device\TMPM475FDFG\startup_TMPM475.s
      At line 270 in file RTE\Device\TMPM475FDFG\startup_TMPM475.s

INTADBCPB_IRQHandler 0000001A

Symbol: INTADBCPB_IRQHandler
   Definitions
      At line 369 in file RTE\Device\TMPM475FDFG\startup_TMPM475.s
   Uses
      At line 111 in file RTE\Device\TMPM475FDFG\startup_TMPM475.s
      At line 272 in file RTE\Device\TMPM475FDFG\startup_TMPM475.s

INTADBPDA_IRQHandler 0000001A

Symbol: INTADBPDA_IRQHandler
   Definitions
      At line 341 in file RTE\Device\TMPM475FDFG\startup_TMPM475.s
   Uses
      At line 83 in file RTE\Device\TMPM475FDFG\startup_TMPM475.s
      At line 244 in file RTE\Device\TMPM475FDFG\startup_TMPM475.s

INTADBPDB_IRQHandler 0000001A

Symbol: INTADBPDB_IRQHandler
   Definitions
      At line 343 in file RTE\Device\TMPM475FDFG\startup_TMPM475.s
   Uses
      At line 85 in file RTE\Device\TMPM475FDFG\startup_TMPM475.s
      At line 246 in file RTE\Device\TMPM475FDFG\startup_TMPM475.s

INTADBSFT_IRQHandler 0000001A

Symbol: INTADBSFT_IRQHandler
   Definitions
      At line 379 in file RTE\Device\TMPM475FDFG\startup_TMPM475.s
   Uses
      At line 121 in file RTE\Device\TMPM475FDFG\startup_TMPM475.s
      At line 282 in file RTE\Device\TMPM475FDFG\startup_TMPM475.s

INTADBTMR_IRQHandler 0000001A

Symbol: INTADBTMR_IRQHandler
   Definitions



ARM Macro Assembler    Page 5 Alphabetic symbol ordering
Relocatable symbols

      At line 381 in file RTE\Device\TMPM475FDFG\startup_TMPM475.s
   Uses
      At line 123 in file RTE\Device\TMPM475FDFG\startup_TMPM475.s
      At line 284 in file RTE\Device\TMPM475FDFG\startup_TMPM475.s

INTA_IRQHandler 0000001A

Symbol: INTA_IRQHandler
   Definitions
      At line 384 in file RTE\Device\TMPM475FDFG\startup_TMPM475.s
   Uses
      At line 126 in file RTE\Device\TMPM475FDFG\startup_TMPM475.s
      At line 287 in file RTE\Device\TMPM475FDFG\startup_TMPM475.s

INTB_IRQHandler 0000001A

Symbol: INTB_IRQHandler
   Definitions
      At line 385 in file RTE\Device\TMPM475FDFG\startup_TMPM475.s
   Uses
      At line 127 in file RTE\Device\TMPM475FDFG\startup_TMPM475.s
      At line 288 in file RTE\Device\TMPM475FDFG\startup_TMPM475.s

INTCANGB_IRQHandler 0000001A

Symbol: INTCANGB_IRQHandler
   Definitions
      At line 407 in file RTE\Device\TMPM475FDFG\startup_TMPM475.s
   Uses
      At line 149 in file RTE\Device\TMPM475FDFG\startup_TMPM475.s
      At line 310 in file RTE\Device\TMPM475FDFG\startup_TMPM475.s

INTCANRX_IRQHandler 0000001A

Symbol: INTCANRX_IRQHandler
   Definitions
      At line 405 in file RTE\Device\TMPM475FDFG\startup_TMPM475.s
   Uses
      At line 147 in file RTE\Device\TMPM475FDFG\startup_TMPM475.s
      At line 308 in file RTE\Device\TMPM475FDFG\startup_TMPM475.s

INTCANTX_IRQHandler 0000001A

Symbol: INTCANTX_IRQHandler
   Definitions
      At line 406 in file RTE\Device\TMPM475FDFG\startup_TMPM475.s
   Uses
      At line 148 in file RTE\Device\TMPM475FDFG\startup_TMPM475.s
      At line 309 in file RTE\Device\TMPM475FDFG\startup_TMPM475.s

INTCAP00_IRQHandler 0000001A

Symbol: INTCAP00_IRQHandler
   Definitions
      At line 354 in file RTE\Device\TMPM475FDFG\startup_TMPM475.s
   Uses
      At line 96 in file RTE\Device\TMPM475FDFG\startup_TMPM475.s
      At line 257 in file RTE\Device\TMPM475FDFG\startup_TMPM475.s




ARM Macro Assembler    Page 6 Alphabetic symbol ordering
Relocatable symbols

INTCAP01_IRQHandler 0000001A

Symbol: INTCAP01_IRQHandler
   Definitions
      At line 355 in file RTE\Device\TMPM475FDFG\startup_TMPM475.s
   Uses
      At line 97 in file RTE\Device\TMPM475FDFG\startup_TMPM475.s
      At line 258 in file RTE\Device\TMPM475FDFG\startup_TMPM475.s

INTCAP10_IRQHandler 0000001A

Symbol: INTCAP10_IRQHandler
   Definitions
      At line 356 in file RTE\Device\TMPM475FDFG\startup_TMPM475.s
   Uses
      At line 98 in file RTE\Device\TMPM475FDFG\startup_TMPM475.s
      At line 259 in file RTE\Device\TMPM475FDFG\startup_TMPM475.s

INTCAP11_IRQHandler 0000001A

Symbol: INTCAP11_IRQHandler
   Definitions
      At line 357 in file RTE\Device\TMPM475FDFG\startup_TMPM475.s
   Uses
      At line 99 in file RTE\Device\TMPM475FDFG\startup_TMPM475.s
      At line 260 in file RTE\Device\TMPM475FDFG\startup_TMPM475.s

INTCAP20_IRQHandler 0000001A

Symbol: INTCAP20_IRQHandler
   Definitions
      At line 374 in file RTE\Device\TMPM475FDFG\startup_TMPM475.s
   Uses
      At line 116 in file RTE\Device\TMPM475FDFG\startup_TMPM475.s
      At line 277 in file RTE\Device\TMPM475FDFG\startup_TMPM475.s

INTCAP21_IRQHandler 0000001A

Symbol: INTCAP21_IRQHandler
   Definitions
      At line 375 in file RTE\Device\TMPM475FDFG\startup_TMPM475.s
   Uses
      At line 117 in file RTE\Device\TMPM475FDFG\startup_TMPM475.s
      At line 278 in file RTE\Device\TMPM475FDFG\startup_TMPM475.s

INTCAP30_IRQHandler 0000001A

Symbol: INTCAP30_IRQHandler
   Definitions
      At line 376 in file RTE\Device\TMPM475FDFG\startup_TMPM475.s
   Uses
      At line 118 in file RTE\Device\TMPM475FDFG\startup_TMPM475.s
      At line 279 in file RTE\Device\TMPM475FDFG\startup_TMPM475.s

INTCAP31_IRQHandler 0000001A

Symbol: INTCAP31_IRQHandler
   Definitions
      At line 377 in file RTE\Device\TMPM475FDFG\startup_TMPM475.s



ARM Macro Assembler    Page 7 Alphabetic symbol ordering
Relocatable symbols

   Uses
      At line 119 in file RTE\Device\TMPM475FDFG\startup_TMPM475.s
      At line 280 in file RTE\Device\TMPM475FDFG\startup_TMPM475.s

INTCAP40_IRQHandler 0000001A

Symbol: INTCAP40_IRQHandler
   Definitions
      At line 358 in file RTE\Device\TMPM475FDFG\startup_TMPM475.s
   Uses
      At line 100 in file RTE\Device\TMPM475FDFG\startup_TMPM475.s
      At line 261 in file RTE\Device\TMPM475FDFG\startup_TMPM475.s

INTCAP41_IRQHandler 0000001A

Symbol: INTCAP41_IRQHandler
   Definitions
      At line 359 in file RTE\Device\TMPM475FDFG\startup_TMPM475.s
   Uses
      At line 101 in file RTE\Device\TMPM475FDFG\startup_TMPM475.s
      At line 262 in file RTE\Device\TMPM475FDFG\startup_TMPM475.s

INTCAP50_IRQHandler 0000001A

Symbol: INTCAP50_IRQHandler
   Definitions
      At line 360 in file RTE\Device\TMPM475FDFG\startup_TMPM475.s
   Uses
      At line 102 in file RTE\Device\TMPM475FDFG\startup_TMPM475.s
      At line 263 in file RTE\Device\TMPM475FDFG\startup_TMPM475.s

INTCAP51_IRQHandler 0000001A

Symbol: INTCAP51_IRQHandler
   Definitions
      At line 361 in file RTE\Device\TMPM475FDFG\startup_TMPM475.s
   Uses
      At line 103 in file RTE\Device\TMPM475FDFG\startup_TMPM475.s
      At line 264 in file RTE\Device\TMPM475FDFG\startup_TMPM475.s

INTCAP60_IRQHandler 0000001A

Symbol: INTCAP60_IRQHandler
   Definitions
      At line 394 in file RTE\Device\TMPM475FDFG\startup_TMPM475.s
   Uses
      At line 136 in file RTE\Device\TMPM475FDFG\startup_TMPM475.s
      At line 297 in file RTE\Device\TMPM475FDFG\startup_TMPM475.s

INTCAP61_IRQHandler 0000001A

Symbol: INTCAP61_IRQHandler
   Definitions
      At line 395 in file RTE\Device\TMPM475FDFG\startup_TMPM475.s
   Uses
      At line 137 in file RTE\Device\TMPM475FDFG\startup_TMPM475.s
      At line 298 in file RTE\Device\TMPM475FDFG\startup_TMPM475.s

INTCAP70_IRQHandler 0000001A



ARM Macro Assembler    Page 8 Alphabetic symbol ordering
Relocatable symbols


Symbol: INTCAP70_IRQHandler
   Definitions
      At line 396 in file RTE\Device\TMPM475FDFG\startup_TMPM475.s
   Uses
      At line 138 in file RTE\Device\TMPM475FDFG\startup_TMPM475.s
      At line 299 in file RTE\Device\TMPM475FDFG\startup_TMPM475.s

INTCAP71_IRQHandler 0000001A

Symbol: INTCAP71_IRQHandler
   Definitions
      At line 397 in file RTE\Device\TMPM475FDFG\startup_TMPM475.s
   Uses
      At line 139 in file RTE\Device\TMPM475FDFG\startup_TMPM475.s
      At line 300 in file RTE\Device\TMPM475FDFG\startup_TMPM475.s

INTCAP80_IRQHandler 0000001A

Symbol: INTCAP80_IRQHandler
   Definitions
      At line 412 in file RTE\Device\TMPM475FDFG\startup_TMPM475.s
   Uses
      At line 154 in file RTE\Device\TMPM475FDFG\startup_TMPM475.s
      At line 315 in file RTE\Device\TMPM475FDFG\startup_TMPM475.s

INTCAP81_IRQHandler 0000001A

Symbol: INTCAP81_IRQHandler
   Definitions
      At line 413 in file RTE\Device\TMPM475FDFG\startup_TMPM475.s
   Uses
      At line 155 in file RTE\Device\TMPM475FDFG\startup_TMPM475.s
      At line 316 in file RTE\Device\TMPM475FDFG\startup_TMPM475.s

INTCAP90_IRQHandler 0000001A

Symbol: INTCAP90_IRQHandler
   Definitions
      At line 414 in file RTE\Device\TMPM475FDFG\startup_TMPM475.s
   Uses
      At line 156 in file RTE\Device\TMPM475FDFG\startup_TMPM475.s
      At line 317 in file RTE\Device\TMPM475FDFG\startup_TMPM475.s

INTCAP91_IRQHandler 0000001A

Symbol: INTCAP91_IRQHandler
   Definitions
      At line 415 in file RTE\Device\TMPM475FDFG\startup_TMPM475.s
   Uses
      At line 157 in file RTE\Device\TMPM475FDFG\startup_TMPM475.s
      At line 318 in file RTE\Device\TMPM475FDFG\startup_TMPM475.s

INTC_IRQHandler 0000001A

Symbol: INTC_IRQHandler
   Definitions
      At line 398 in file RTE\Device\TMPM475FDFG\startup_TMPM475.s
   Uses



ARM Macro Assembler    Page 9 Alphabetic symbol ordering
Relocatable symbols

      At line 140 in file RTE\Device\TMPM475FDFG\startup_TMPM475.s
      At line 301 in file RTE\Device\TMPM475FDFG\startup_TMPM475.s

INTDMACAERR_IRQHandler 0000001A

Symbol: INTDMACAERR_IRQHandler
   Definitions
      At line 417 in file RTE\Device\TMPM475FDFG\startup_TMPM475.s
   Uses
      At line 159 in file RTE\Device\TMPM475FDFG\startup_TMPM475.s
      At line 320 in file RTE\Device\TMPM475FDFG\startup_TMPM475.s

INTDMACATC_IRQHandler 0000001A

Symbol: INTDMACATC_IRQHandler
   Definitions
      At line 416 in file RTE\Device\TMPM475FDFG\startup_TMPM475.s
   Uses
      At line 158 in file RTE\Device\TMPM475FDFG\startup_TMPM475.s
      At line 319 in file RTE\Device\TMPM475FDFG\startup_TMPM475.s

INTD_IRQHandler 0000001A

Symbol: INTD_IRQHandler
   Definitions
      At line 399 in file RTE\Device\TMPM475FDFG\startup_TMPM475.s
   Uses
      At line 141 in file RTE\Device\TMPM475FDFG\startup_TMPM475.s
      At line 302 in file RTE\Device\TMPM475FDFG\startup_TMPM475.s

INTEMG0_IRQHandler 0000001A

Symbol: INTEMG0_IRQHandler
   Definitions
      At line 336 in file RTE\Device\TMPM475FDFG\startup_TMPM475.s
   Uses
      At line 78 in file RTE\Device\TMPM475FDFG\startup_TMPM475.s
      At line 239 in file RTE\Device\TMPM475FDFG\startup_TMPM475.s

INTEMG1_IRQHandler 0000001A

Symbol: INTEMG1_IRQHandler
   Definitions
      At line 337 in file RTE\Device\TMPM475FDFG\startup_TMPM475.s
   Uses
      At line 79 in file RTE\Device\TMPM475FDFG\startup_TMPM475.s
      At line 240 in file RTE\Device\TMPM475FDFG\startup_TMPM475.s

INTENC00_IRQHandler 0000001A

Symbol: INTENC00_IRQHandler
   Definitions
      At line 386 in file RTE\Device\TMPM475FDFG\startup_TMPM475.s
   Uses
      At line 128 in file RTE\Device\TMPM475FDFG\startup_TMPM475.s
      At line 289 in file RTE\Device\TMPM475FDFG\startup_TMPM475.s

INTENC01_IRQHandler 0000001A




ARM Macro Assembler    Page 10 Alphabetic symbol ordering
Relocatable symbols

Symbol: INTENC01_IRQHandler
   Definitions
      At line 387 in file RTE\Device\TMPM475FDFG\startup_TMPM475.s
   Uses
      At line 129 in file RTE\Device\TMPM475FDFG\startup_TMPM475.s
      At line 290 in file RTE\Device\TMPM475FDFG\startup_TMPM475.s

INTENC10_IRQHandler 0000001A

Symbol: INTENC10_IRQHandler
   Definitions
      At line 418 in file RTE\Device\TMPM475FDFG\startup_TMPM475.s
   Uses
      At line 160 in file RTE\Device\TMPM475FDFG\startup_TMPM475.s
      At line 321 in file RTE\Device\TMPM475FDFG\startup_TMPM475.s

INTENC11_IRQHandler 0000001A

Symbol: INTENC11_IRQHandler
   Definitions
      At line 419 in file RTE\Device\TMPM475FDFG\startup_TMPM475.s
   Uses
      At line 161 in file RTE\Device\TMPM475FDFG\startup_TMPM475.s
      At line 322 in file RTE\Device\TMPM475FDFG\startup_TMPM475.s

INTE_IRQHandler 0000001A

Symbol: INTE_IRQHandler
   Definitions
      At line 400 in file RTE\Device\TMPM475FDFG\startup_TMPM475.s
   Uses
      At line 142 in file RTE\Device\TMPM475FDFG\startup_TMPM475.s
      At line 303 in file RTE\Device\TMPM475FDFG\startup_TMPM475.s

INTF_IRQHandler 0000001A

Symbol: INTF_IRQHandler
   Definitions
      At line 401 in file RTE\Device\TMPM475FDFG\startup_TMPM475.s
   Uses
      At line 143 in file RTE\Device\TMPM475FDFG\startup_TMPM475.s
      At line 304 in file RTE\Device\TMPM475FDFG\startup_TMPM475.s

INTOVV0_IRQHandler 0000001A

Symbol: INTOVV0_IRQHandler
   Definitions
      At line 338 in file RTE\Device\TMPM475FDFG\startup_TMPM475.s
   Uses
      At line 80 in file RTE\Device\TMPM475FDFG\startup_TMPM475.s
      At line 241 in file RTE\Device\TMPM475FDFG\startup_TMPM475.s

INTOVV1_IRQHandler 0000001A

Symbol: INTOVV1_IRQHandler
   Definitions
      At line 339 in file RTE\Device\TMPM475FDFG\startup_TMPM475.s
   Uses
      At line 81 in file RTE\Device\TMPM475FDFG\startup_TMPM475.s



ARM Macro Assembler    Page 11 Alphabetic symbol ordering
Relocatable symbols

      At line 242 in file RTE\Device\TMPM475FDFG\startup_TMPM475.s

INTPMD0_IRQHandler 0000001A

Symbol: INTPMD0_IRQHandler
   Definitions
      At line 352 in file RTE\Device\TMPM475FDFG\startup_TMPM475.s
   Uses
      At line 94 in file RTE\Device\TMPM475FDFG\startup_TMPM475.s
      At line 255 in file RTE\Device\TMPM475FDFG\startup_TMPM475.s

INTPMD1_IRQHandler 0000001A

Symbol: INTPMD1_IRQHandler
   Definitions
      At line 353 in file RTE\Device\TMPM475FDFG\startup_TMPM475.s
   Uses
      At line 95 in file RTE\Device\TMPM475FDFG\startup_TMPM475.s
      At line 256 in file RTE\Device\TMPM475FDFG\startup_TMPM475.s

INTRX0_IRQHandler 0000001A

Symbol: INTRX0_IRQHandler
   Definitions
      At line 330 in file RTE\Device\TMPM475FDFG\startup_TMPM475.s
   Uses
      At line 72 in file RTE\Device\TMPM475FDFG\startup_TMPM475.s
      At line 233 in file RTE\Device\TMPM475FDFG\startup_TMPM475.s

INTRX1_IRQHandler 0000001A

Symbol: INTRX1_IRQHandler
   Definitions
      At line 332 in file RTE\Device\TMPM475FDFG\startup_TMPM475.s
   Uses
      At line 74 in file RTE\Device\TMPM475FDFG\startup_TMPM475.s
      At line 235 in file RTE\Device\TMPM475FDFG\startup_TMPM475.s

INTRX2_IRQHandler 0000001A

Symbol: INTRX2_IRQHandler
   Definitions
      At line 364 in file RTE\Device\TMPM475FDFG\startup_TMPM475.s
   Uses
      At line 106 in file RTE\Device\TMPM475FDFG\startup_TMPM475.s
      At line 267 in file RTE\Device\TMPM475FDFG\startup_TMPM475.s

INTRX3_IRQHandler 0000001A

Symbol: INTRX3_IRQHandler
   Definitions
      At line 388 in file RTE\Device\TMPM475FDFG\startup_TMPM475.s
   Uses
      At line 130 in file RTE\Device\TMPM475FDFG\startup_TMPM475.s
      At line 291 in file RTE\Device\TMPM475FDFG\startup_TMPM475.s

INTSBI0_IRQHandler 0000001A

Symbol: INTSBI0_IRQHandler



ARM Macro Assembler    Page 12 Alphabetic symbol ordering
Relocatable symbols

   Definitions
      At line 404 in file RTE\Device\TMPM475FDFG\startup_TMPM475.s
   Uses
      At line 146 in file RTE\Device\TMPM475FDFG\startup_TMPM475.s
      At line 307 in file RTE\Device\TMPM475FDFG\startup_TMPM475.s

INTTB00_IRQHandler 0000001A

Symbol: INTTB00_IRQHandler
   Definitions
      At line 344 in file RTE\Device\TMPM475FDFG\startup_TMPM475.s
   Uses
      At line 86 in file RTE\Device\TMPM475FDFG\startup_TMPM475.s
      At line 247 in file RTE\Device\TMPM475FDFG\startup_TMPM475.s

INTTB01_IRQHandler 0000001A

Symbol: INTTB01_IRQHandler
   Definitions
      At line 345 in file RTE\Device\TMPM475FDFG\startup_TMPM475.s
   Uses
      At line 87 in file RTE\Device\TMPM475FDFG\startup_TMPM475.s
      At line 248 in file RTE\Device\TMPM475FDFG\startup_TMPM475.s

INTTB10_IRQHandler 0000001A

Symbol: INTTB10_IRQHandler
   Definitions
      At line 346 in file RTE\Device\TMPM475FDFG\startup_TMPM475.s
   Uses
      At line 88 in file RTE\Device\TMPM475FDFG\startup_TMPM475.s
      At line 249 in file RTE\Device\TMPM475FDFG\startup_TMPM475.s

INTTB11_IRQHandler 0000001A

Symbol: INTTB11_IRQHandler
   Definitions
      At line 347 in file RTE\Device\TMPM475FDFG\startup_TMPM475.s
   Uses
      At line 89 in file RTE\Device\TMPM475FDFG\startup_TMPM475.s
      At line 250 in file RTE\Device\TMPM475FDFG\startup_TMPM475.s

INTTB20_IRQHandler 0000001A

Symbol: INTTB20_IRQHandler
   Definitions
      At line 370 in file RTE\Device\TMPM475FDFG\startup_TMPM475.s
   Uses
      At line 112 in file RTE\Device\TMPM475FDFG\startup_TMPM475.s
      At line 273 in file RTE\Device\TMPM475FDFG\startup_TMPM475.s

INTTB21_IRQHandler 0000001A

Symbol: INTTB21_IRQHandler
   Definitions
      At line 371 in file RTE\Device\TMPM475FDFG\startup_TMPM475.s
   Uses
      At line 113 in file RTE\Device\TMPM475FDFG\startup_TMPM475.s
      At line 274 in file RTE\Device\TMPM475FDFG\startup_TMPM475.s



ARM Macro Assembler    Page 13 Alphabetic symbol ordering
Relocatable symbols


INTTB30_IRQHandler 0000001A

Symbol: INTTB30_IRQHandler
   Definitions
      At line 372 in file RTE\Device\TMPM475FDFG\startup_TMPM475.s
   Uses
      At line 114 in file RTE\Device\TMPM475FDFG\startup_TMPM475.s
      At line 275 in file RTE\Device\TMPM475FDFG\startup_TMPM475.s

INTTB31_IRQHandler 0000001A

Symbol: INTTB31_IRQHandler
   Definitions
      At line 373 in file RTE\Device\TMPM475FDFG\startup_TMPM475.s
   Uses
      At line 115 in file RTE\Device\TMPM475FDFG\startup_TMPM475.s
      At line 276 in file RTE\Device\TMPM475FDFG\startup_TMPM475.s

INTTB40_IRQHandler 0000001A

Symbol: INTTB40_IRQHandler
   Definitions
      At line 348 in file RTE\Device\TMPM475FDFG\startup_TMPM475.s
   Uses
      At line 90 in file RTE\Device\TMPM475FDFG\startup_TMPM475.s
      At line 251 in file RTE\Device\TMPM475FDFG\startup_TMPM475.s

INTTB41_IRQHandler 0000001A

Symbol: INTTB41_IRQHandler
   Definitions
      At line 349 in file RTE\Device\TMPM475FDFG\startup_TMPM475.s
   Uses
      At line 91 in file RTE\Device\TMPM475FDFG\startup_TMPM475.s
      At line 252 in file RTE\Device\TMPM475FDFG\startup_TMPM475.s

INTTB50_IRQHandler 0000001A

Symbol: INTTB50_IRQHandler
   Definitions
      At line 350 in file RTE\Device\TMPM475FDFG\startup_TMPM475.s
   Uses
      At line 92 in file RTE\Device\TMPM475FDFG\startup_TMPM475.s
      At line 253 in file RTE\Device\TMPM475FDFG\startup_TMPM475.s

INTTB51_IRQHandler 0000001A

Symbol: INTTB51_IRQHandler
   Definitions
      At line 351 in file RTE\Device\TMPM475FDFG\startup_TMPM475.s
   Uses
      At line 93 in file RTE\Device\TMPM475FDFG\startup_TMPM475.s
      At line 254 in file RTE\Device\TMPM475FDFG\startup_TMPM475.s

INTTB60_IRQHandler 0000001A

Symbol: INTTB60_IRQHandler
   Definitions



ARM Macro Assembler    Page 14 Alphabetic symbol ordering
Relocatable symbols

      At line 390 in file RTE\Device\TMPM475FDFG\startup_TMPM475.s
   Uses
      At line 132 in file RTE\Device\TMPM475FDFG\startup_TMPM475.s
      At line 293 in file RTE\Device\TMPM475FDFG\startup_TMPM475.s

INTTB61_IRQHandler 0000001A

Symbol: INTTB61_IRQHandler
   Definitions
      At line 391 in file RTE\Device\TMPM475FDFG\startup_TMPM475.s
   Uses
      At line 133 in file RTE\Device\TMPM475FDFG\startup_TMPM475.s
      At line 294 in file RTE\Device\TMPM475FDFG\startup_TMPM475.s

INTTB70_IRQHandler 0000001A

Symbol: INTTB70_IRQHandler
   Definitions
      At line 392 in file RTE\Device\TMPM475FDFG\startup_TMPM475.s
   Uses
      At line 134 in file RTE\Device\TMPM475FDFG\startup_TMPM475.s
      At line 295 in file RTE\Device\TMPM475FDFG\startup_TMPM475.s

INTTB71_IRQHandler 0000001A

Symbol: INTTB71_IRQHandler
   Definitions
      At line 393 in file RTE\Device\TMPM475FDFG\startup_TMPM475.s
   Uses
      At line 135 in file RTE\Device\TMPM475FDFG\startup_TMPM475.s
      At line 296 in file RTE\Device\TMPM475FDFG\startup_TMPM475.s

INTTB80_IRQHandler 0000001A

Symbol: INTTB80_IRQHandler
   Definitions
      At line 408 in file RTE\Device\TMPM475FDFG\startup_TMPM475.s
   Uses
      At line 150 in file RTE\Device\TMPM475FDFG\startup_TMPM475.s
      At line 311 in file RTE\Device\TMPM475FDFG\startup_TMPM475.s

INTTB81_IRQHandler 0000001A

Symbol: INTTB81_IRQHandler
   Definitions
      At line 409 in file RTE\Device\TMPM475FDFG\startup_TMPM475.s
   Uses
      At line 151 in file RTE\Device\TMPM475FDFG\startup_TMPM475.s
      At line 312 in file RTE\Device\TMPM475FDFG\startup_TMPM475.s

INTTB90_IRQHandler 0000001A

Symbol: INTTB90_IRQHandler
   Definitions
      At line 410 in file RTE\Device\TMPM475FDFG\startup_TMPM475.s
   Uses
      At line 152 in file RTE\Device\TMPM475FDFG\startup_TMPM475.s
      At line 313 in file RTE\Device\TMPM475FDFG\startup_TMPM475.s




ARM Macro Assembler    Page 15 Alphabetic symbol ordering
Relocatable symbols

INTTB91_IRQHandler 0000001A

Symbol: INTTB91_IRQHandler
   Definitions
      At line 411 in file RTE\Device\TMPM475FDFG\startup_TMPM475.s
   Uses
      At line 153 in file RTE\Device\TMPM475FDFG\startup_TMPM475.s
      At line 314 in file RTE\Device\TMPM475FDFG\startup_TMPM475.s

INTTX0_IRQHandler 0000001A

Symbol: INTTX0_IRQHandler
   Definitions
      At line 331 in file RTE\Device\TMPM475FDFG\startup_TMPM475.s
   Uses
      At line 73 in file RTE\Device\TMPM475FDFG\startup_TMPM475.s
      At line 234 in file RTE\Device\TMPM475FDFG\startup_TMPM475.s

INTTX1_IRQHandler 0000001A

Symbol: INTTX1_IRQHandler
   Definitions
      At line 333 in file RTE\Device\TMPM475FDFG\startup_TMPM475.s
   Uses
      At line 75 in file RTE\Device\TMPM475FDFG\startup_TMPM475.s
      At line 236 in file RTE\Device\TMPM475FDFG\startup_TMPM475.s

INTTX2_IRQHandler 0000001A

Symbol: INTTX2_IRQHandler
   Definitions
      At line 365 in file RTE\Device\TMPM475FDFG\startup_TMPM475.s
   Uses
      At line 107 in file RTE\Device\TMPM475FDFG\startup_TMPM475.s
      At line 268 in file RTE\Device\TMPM475FDFG\startup_TMPM475.s

INTTX3_IRQHandler 0000001A

Symbol: INTTX3_IRQHandler
   Definitions
      At line 389 in file RTE\Device\TMPM475FDFG\startup_TMPM475.s
   Uses
      At line 131 in file RTE\Device\TMPM475FDFG\startup_TMPM475.s
      At line 292 in file RTE\Device\TMPM475FDFG\startup_TMPM475.s

INTVCN0_IRQHandler 0000001A

Symbol: INTVCN0_IRQHandler
   Definitions
      At line 334 in file RTE\Device\TMPM475FDFG\startup_TMPM475.s
   Uses
      At line 76 in file RTE\Device\TMPM475FDFG\startup_TMPM475.s
      At line 237 in file RTE\Device\TMPM475FDFG\startup_TMPM475.s

INTVCN1_IRQHandler 0000001A

Symbol: INTVCN1_IRQHandler
   Definitions
      At line 335 in file RTE\Device\TMPM475FDFG\startup_TMPM475.s



ARM Macro Assembler    Page 16 Alphabetic symbol ordering
Relocatable symbols

   Uses
      At line 77 in file RTE\Device\TMPM475FDFG\startup_TMPM475.s
      At line 238 in file RTE\Device\TMPM475FDFG\startup_TMPM475.s

INTVCT0_IRQHandler 0000001A

Symbol: INTVCT0_IRQHandler
   Definitions
      At line 402 in file RTE\Device\TMPM475FDFG\startup_TMPM475.s
   Uses
      At line 144 in file RTE\Device\TMPM475FDFG\startup_TMPM475.s
      At line 305 in file RTE\Device\TMPM475FDFG\startup_TMPM475.s

INTVCT1_IRQHandler 0000001A

Symbol: INTVCT1_IRQHandler
   Definitions
      At line 403 in file RTE\Device\TMPM475FDFG\startup_TMPM475.s
   Uses
      At line 145 in file RTE\Device\TMPM475FDFG\startup_TMPM475.s
      At line 306 in file RTE\Device\TMPM475FDFG\startup_TMPM475.s

MemManage_Handler 0000000C

Symbol: MemManage_Handler
   Definitions
      At line 193 in file RTE\Device\TMPM475FDFG\startup_TMPM475.s
   Uses
      At line 52 in file RTE\Device\TMPM475FDFG\startup_TMPM475.s
      At line 194 in file RTE\Device\TMPM475FDFG\startup_TMPM475.s

NMI_Handler 00000008

Symbol: NMI_Handler
   Definitions
      At line 183 in file RTE\Device\TMPM475FDFG\startup_TMPM475.s
   Uses
      At line 50 in file RTE\Device\TMPM475FDFG\startup_TMPM475.s
      At line 184 in file RTE\Device\TMPM475FDFG\startup_TMPM475.s

PendSV_Handler 00000016

Symbol: PendSV_Handler
   Definitions
      At line 216 in file RTE\Device\TMPM475FDFG\startup_TMPM475.s
   Uses
      At line 62 in file RTE\Device\TMPM475FDFG\startup_TMPM475.s
      At line 217 in file RTE\Device\TMPM475FDFG\startup_TMPM475.s

Reset_Handler 00000000

Symbol: Reset_Handler
   Definitions
      At line 170 in file RTE\Device\TMPM475FDFG\startup_TMPM475.s
   Uses
      At line 49 in file RTE\Device\TMPM475FDFG\startup_TMPM475.s
      At line 171 in file RTE\Device\TMPM475FDFG\startup_TMPM475.s

SVC_Handler 00000012



ARM Macro Assembler    Page 17 Alphabetic symbol ordering
Relocatable symbols


Symbol: SVC_Handler
   Definitions
      At line 207 in file RTE\Device\TMPM475FDFG\startup_TMPM475.s
   Uses
      At line 59 in file RTE\Device\TMPM475FDFG\startup_TMPM475.s
      At line 208 in file RTE\Device\TMPM475FDFG\startup_TMPM475.s

SysTick_Handler 00000018

Symbol: SysTick_Handler
   Definitions
      At line 220 in file RTE\Device\TMPM475FDFG\startup_TMPM475.s
   Uses
      At line 63 in file RTE\Device\TMPM475FDFG\startup_TMPM475.s
      At line 221 in file RTE\Device\TMPM475FDFG\startup_TMPM475.s

UsageFault_Handler 00000010

Symbol: UsageFault_Handler
   Definitions
      At line 203 in file RTE\Device\TMPM475FDFG\startup_TMPM475.s
   Uses
      At line 54 in file RTE\Device\TMPM475FDFG\startup_TMPM475.s
      At line 204 in file RTE\Device\TMPM475FDFG\startup_TMPM475.s

__user_initial_stackheap 0000001C

Symbol: __user_initial_stackheap
   Definitions
      At line 441 in file RTE\Device\TMPM475FDFG\startup_TMPM475.s
   Uses
      At line 440 in file RTE\Device\TMPM475FDFG\startup_TMPM475.s
Comment: __user_initial_stackheap used once
109 symbols



ARM Macro Assembler    Page 1 Alphabetic symbol ordering
Absolute symbols

Heap_Size 00000000

Symbol: Heap_Size
   Definitions
      At line 31 in file RTE\Device\TMPM475FDFG\startup_TMPM475.s
   Uses
      At line 35 in file RTE\Device\TMPM475FDFG\startup_TMPM475.s
      At line 445 in file RTE\Device\TMPM475FDFG\startup_TMPM475.s

Stack_Size 00000200

Symbol: Stack_Size
   Definitions
      At line 20 in file RTE\Device\TMPM475FDFG\startup_TMPM475.s
   Uses
      At line 23 in file RTE\Device\TMPM475FDFG\startup_TMPM475.s
      At line 444 in file RTE\Device\TMPM475FDFG\startup_TMPM475.s

2 symbols



ARM Macro Assembler    Page 1 Alphabetic symbol ordering
External symbols

SystemInit 00000000

Symbol: SystemInit
   Definitions
      At line 172 in file RTE\Device\TMPM475FDFG\startup_TMPM475.s
   Uses
      At line 174 in file RTE\Device\TMPM475FDFG\startup_TMPM475.s
Comment: SystemInit used once
__main 00000000

Symbol: __main
   Definitions
      At line 173 in file RTE\Device\TMPM475FDFG\startup_TMPM475.s
   Uses
      At line 176 in file RTE\Device\TMPM475FDFG\startup_TMPM475.s
Comment: __main used once
__use_two_region_memory 00000000

Symbol: __use_two_region_memory
   Definitions
      At line 439 in file RTE\Device\TMPM475FDFG\startup_TMPM475.s
   Uses
      None
Comment: __use_two_region_memory unused
3 symbols
462 symbols in table
